<?xml version="1.0" encoding="UTF-8"?>
<!-- Generated by org.testng.reporters.JUnitReportReporter -->
<testsuite skipped="0" hostname="RJR-SudarKoks" name="org.testNG.Dataprovider1" tests="1" failures="0" timestamp="05 May 2021 16:44:41 GMT" time="18.966" errors="0">
  <testcase name="tam" time="18.966" classname="org.testNG.Dataprovider1"/>
</testsuite> <!-- org.testNG.Dataprovider1 -->
