<?xml version="1.0" encoding="UTF-8"?>
<!-- Generated by org.testng.reporters.JUnitReportReporter -->
<testsuite skipped="1" hostname="RJR-SudarKoks" name="org.testNG.Test1" tests="7" failures="0" timestamp="05 May 2021 16:23:37 GMT" time="0.016" errors="0">
  <testcase name="test13" time="0.002" classname="org.testNG.Test1"/>
  <testcase name="test15" time="0.002" classname="org.testNG.Test1"/>
  <testcase name="test11" time="0.002" classname="org.testNG.Test1"/>
  <testcase name="test10" time="0.002" classname="org.testNG.Test1"/>
  <testcase name="test2" time="0.006" classname="org.testNG.Test1"/>
  <testcase name="test12" time="0.002" classname="org.testNG.Test1"/>
  <testcase name="test14" classname="org.testNG.Test1">
    <skipped/>
  </testcase> <!-- test14 -->
</testsuite> <!-- org.testNG.Test1 -->
