<?xml version="1.0" encoding="UTF-8"?>
<!-- Generated by org.testng.reporters.JUnitReportReporter -->
<testsuite skipped="0" hostname="RJR-SudarKoks" name="org.testNG.Sample1" tests="1" failures="0" timestamp="05 May 2021 16:23:37 GMT" time="0.025" errors="0">
  <testcase name="test1" time="0.025" classname="org.testNG.Sample1"/>
</testsuite> <!-- org.testNG.Sample1 -->
